<?xml version="1.0" encoding="UTF-8"?>
<!-- Generated by org.testng.reporters.JUnitReportReporter -->
<testsuite hostname="LAPTOP-FVJPVCFC" name="com.crm.qa.testcases.ResultsPageTest" tests="2" failures="0" timestamp="8 Jun 2019 07:19:00 GMT" time="35.725" errors="0">
  <testcase name="firstSearchResult" time="17.484" classname="com.crm.qa.testcases.ResultsPageTest"/>
  <testcase name="checkTheSearchTerm" time="18.241" classname="com.crm.qa.testcases.ResultsPageTest"/>
</testsuite> <!-- com.crm.qa.testcases.ResultsPageTest -->
