<?xml version="1.0" encoding="UTF-8"?>
<!-- Generated by org.testng.reporters.JUnitReportReporter -->
<testsuite hostname="LAPTOP-FVJPVCFC" name="com.crm.qa.testcases.ResultsPageTest" tests="2" failures="0" timestamp="8 Jun 2019 12:33:22 GMT" time="50.915" errors="0">
  <testcase name="firstSearchResult" time="21.442" classname="com.crm.qa.testcases.ResultsPageTest"/>
  <testcase name="checkTheSearchTerm" time="29.473" classname="com.crm.qa.testcases.ResultsPageTest"/>
</testsuite> <!-- com.crm.qa.testcases.ResultsPageTest -->
