<?xml version="1.0" encoding="UTF-8"?>
<!-- Generated by org.testng.reporters.JUnitReportReporter -->
<testsuite hostname="LAPTOP-FVJPVCFC" name="com.crm.qa.testcases.HomePagesTest" tests="3" failures="0" timestamp="8 Jun 2019 12:33:22 GMT" time="58.448" errors="0">
  <testcase name="homepageTitleTest" time="15.169" classname="com.crm.qa.testcases.HomePagesTest"/>
  <testcase name="logoimageTest" time="18.080" classname="com.crm.qa.testcases.HomePagesTest"/>
  <testcase name="searchTermTest" time="25.199" classname="com.crm.qa.testcases.HomePagesTest"/>
</testsuite> <!-- com.crm.qa.testcases.HomePagesTest -->
